2025/10/03 15:06:44 TCP server listening on [::]:42069
2025/10/03 15:06:55 Client connected: [::1]:53664
2025/10/03 15:06:55 Client connected: [::1]:53663
2025/10/03 15:06:55 Client connected: [::1]:53662
2025/10/03 15:06:56 Received: use floaters
2025/10/03 15:06:56 Received: use floaters
2025/10/03 15:06:56 Received: use floaters
2025/10/03 15:06:56 Received: insert 13 diana 88.9
2025/10/03 15:06:56 Received: insert 10 alice 95.5
2025/10/03 15:06:56 Received: insert 16 grace 94.3
2025/10/03 15:06:56 Received: insert 11 bob 87.3
2025/10/03 15:06:56 Received: insert 14 eve 91.2
2025/10/03 15:06:56 Received: insert 17 henry 86.5
2025/10/03 15:06:56 Received: insert 15 frank 89.7
2025/10/03 15:06:56 Received: insert 12 charlie 92.1
2025/10/03 15:06:57 Received: select
2025/10/03 15:06:57 Client disconnected: [::1]:53662
2025/10/03 15:06:57 Received: select
2025/10/03 15:06:57 Received: select
2025/10/03 15:06:57 Client disconnected: [::1]:53664
2025/10/03 15:06:57 Client disconnected: [::1]:53663
2025/10/03 15:10:45 Client connected: [::1]:53792
2025/10/03 15:10:50 Received: use floaters
2025/10/03 15:10:51 Received: select
2025/10/03 15:12:06 Received: insert 1 jane 62.4
2025/10/03 15:12:07 Received: select
